[debug] [2021-12-19T17:52:52.992Z] ----------------------------------------------------------------------
[debug] [2021-12-19T17:52:52.994Z] Command:       C:\Program Files\nodejs\node.exe C:\Users\maria\.npm-global\node_modules\firebase-tools\lib\bin\firebase.js init
[debug] [2021-12-19T17:52:52.995Z] CLI Version:   9.22.0
[debug] [2021-12-19T17:52:52.995Z] Platform:      win32
[debug] [2021-12-19T17:52:52.995Z] Node Version:  v16.13.0
[debug] [2021-12-19T17:52:52.997Z] Time:          Sun Dec 19 2021 23:52:52 GMT+0600 (Bangladesh Standard Time)
[debug] [2021-12-19T17:52:52.998Z] ----------------------------------------------------------------------
[debug] 
[debug] [2021-12-19T17:52:53.091Z] > command requires scopes: ["email","openid","https://www.googleapis.com/auth/cloudplatformprojects.readonly","https://www.googleapis.com/auth/firebase","https://www.googleapis.com/auth/cloud-platform"]
[debug] [2021-12-19T17:52:53.092Z] > authorizing via signed-in user (mariaafahad@gmail.com)
[info] 
     ######## #### ########  ######## ########     ###     ######  ########
     ##        ##  ##     ## ##       ##     ##  ##   ##  ##       ##
     ######    ##  ########  ######   ########  #########  ######  ######
     ##        ##  ##    ##  ##       ##     ## ##     ##       ## ##
     ##       #### ##     ## ######## ########  ##     ##  ######  ########

You're about to initialize a Firebase project in this directory:

  D:\Projects\bakery-shop-web

Before we get started, keep in mind:

  * You are initializing within an existing Firebase project directory

[info] 
=== Project Setup
[info] 
[info] First, let's associate this project directory with a Firebase project.
[info] You can create multiple project aliases by running firebase use --add, 
[info] but for now we'll just set up a default project.
[info] 
[info] i  .firebaserc already has a default project, using bakery-shop-fb8cc. 
[debug] [2021-12-19T17:52:59.605Z] > refreshing access token with scopes: []
[debug] [2021-12-19T17:52:59.606Z] >>> HTTP REQUEST POST https://www.googleapis.com/oauth2/v3/token  
 <request body omitted>
[debug] [2021-12-19T17:53:00.908Z] <<< HTTP RESPONSE 200 {"date":"Sun, 19 Dec 2021 17:53:02 GMT","expires":"Mon, 01 Jan 1990 00:00:00 GMT","pragma":"no-cache","cache-control":"no-cache, no-store, max-age=0, must-revalidate","content-type":"application/json; charset=utf-8","vary":"X-Origin, Referer, Origin,Accept-Encoding","server":"scaffolding on HTTPServer2","x-xss-protection":"0","x-frame-options":"SAMEORIGIN","x-content-type-options":"nosniff","alt-svc":"h3=\":443\"; ma=2592000,h3-29=\":443\"; ma=2592000,h3-Q050=\":443\"; ma=2592000,h3-Q046=\":443\"; ma=2592000,h3-Q043=\":443\"; ma=2592000,quic=\":443\"; ma=2592000; v=\"46,43\"","accept-ranges":"none","transfer-encoding":"chunked"}
[debug] [2021-12-19T17:53:00.926Z] >>> [apiv2][query] GET https://firebase.googleapis.com/v1beta1/projects/bakery-shop-fb8cc [none]
[debug] [2021-12-19T17:53:01.893Z] <<< [apiv2][status] GET https://firebase.googleapis.com/v1beta1/projects/bakery-shop-fb8cc 200
[debug] [2021-12-19T17:53:01.893Z] <<< [apiv2][body] GET https://firebase.googleapis.com/v1beta1/projects/bakery-shop-fb8cc {"projectId":"bakery-shop-fb8cc","projectNumber":"1022066204524","displayName":"bakery-shop","name":"projects/bakery-shop-fb8cc","resources":{"hostingSite":"bakery-shop-fb8cc","realtimeDatabaseInstance":"bakery-shop-fb8cc-default-rtdb"},"state":"ACTIVE"}
[info] 
=== Database Setup
[info] i  database: ensuring required API firebasedatabase.googleapis.com is enabled... 
[debug] [2021-12-19T17:53:01.897Z] > refreshing access token with scopes: ["email","https://www.googleapis.com/auth/cloud-platform","https://www.googleapis.com/auth/cloudplatformprojects.readonly","https://www.googleapis.com/auth/firebase","openid"]
[debug] [2021-12-19T17:53:01.897Z] >>> HTTP REQUEST POST https://www.googleapis.com/oauth2/v3/token  
 <request body omitted>
[debug] [2021-12-19T17:53:02.200Z] <<< HTTP RESPONSE 200 {"pragma":"no-cache","expires":"Mon, 01 Jan 1990 00:00:00 GMT","date":"Sun, 19 Dec 2021 17:53:04 GMT","cache-control":"no-cache, no-store, max-age=0, must-revalidate","content-type":"application/json; charset=utf-8","vary":"X-Origin, Referer, Origin,Accept-Encoding","server":"scaffolding on HTTPServer2","x-xss-protection":"0","x-frame-options":"SAMEORIGIN","x-content-type-options":"nosniff","alt-svc":"h3=\":443\"; ma=2592000,h3-29=\":443\"; ma=2592000,h3-Q050=\":443\"; ma=2592000,h3-Q046=\":443\"; ma=2592000,h3-Q043=\":443\"; ma=2592000,quic=\":443\"; ma=2592000; v=\"46,43\"","accept-ranges":"none","transfer-encoding":"chunked"}
[debug] [2021-12-19T17:53:02.216Z] >>> HTTP REQUEST GET https://serviceusage.googleapis.com/v1/projects/bakery-shop-fb8cc/services/firebasedatabase.googleapis.com  
 
[debug] [2021-12-19T17:53:04.463Z] <<< HTTP RESPONSE 200 {"content-type":"application/json; charset=UTF-8","vary":"X-Origin, Referer, Origin,Accept-Encoding","date":"Sun, 19 Dec 2021 17:53:06 GMT","server":"ESF","cache-control":"private","x-xss-protection":"0","x-frame-options":"SAMEORIGIN","x-content-type-options":"nosniff","alt-svc":"h3=\":443\"; ma=2592000,h3-29=\":443\"; ma=2592000,h3-Q050=\":443\"; ma=2592000,h3-Q046=\":443\"; ma=2592000,h3-Q043=\":443\"; ma=2592000,quic=\":443\"; ma=2592000; v=\"46,43\"","accept-ranges":"none","transfer-encoding":"chunked"}
[info] +  database: required API firebasedatabase.googleapis.com is enabled 
[info] 
[debug] [2021-12-19T17:53:04.465Z] > refreshing access token with scopes: []
[debug] [2021-12-19T17:53:04.466Z] >>> HTTP REQUEST POST https://www.googleapis.com/oauth2/v3/token  
 <request body omitted>
[debug] [2021-12-19T17:53:04.969Z] <<< HTTP RESPONSE 200 {"pragma":"no-cache","expires":"Mon, 01 Jan 1990 00:00:00 GMT","cache-control":"no-cache, no-store, max-age=0, must-revalidate","date":"Sun, 19 Dec 2021 17:53:06 GMT","content-type":"application/json; charset=utf-8","vary":"X-Origin, Referer, Origin,Accept-Encoding","server":"scaffolding on HTTPServer2","x-xss-protection":"0","x-frame-options":"SAMEORIGIN","x-content-type-options":"nosniff","alt-svc":"h3=\":443\"; ma=2592000,h3-29=\":443\"; ma=2592000,h3-Q050=\":443\"; ma=2592000,h3-Q046=\":443\"; ma=2592000,h3-Q043=\":443\"; ma=2592000,quic=\":443\"; ma=2592000; v=\"46,43\"","accept-ranges":"none","transfer-encoding":"chunked"}
[debug] [2021-12-19T17:53:04.983Z] >>> [apiv2][query] GET https://firebase.googleapis.com/v1beta1/projects/bakery-shop-fb8cc [none]
[debug] [2021-12-19T17:53:05.545Z] <<< [apiv2][status] GET https://firebase.googleapis.com/v1beta1/projects/bakery-shop-fb8cc 200
[debug] [2021-12-19T17:53:05.545Z] <<< [apiv2][body] GET https://firebase.googleapis.com/v1beta1/projects/bakery-shop-fb8cc {"projectId":"bakery-shop-fb8cc","projectNumber":"1022066204524","displayName":"bakery-shop","name":"projects/bakery-shop-fb8cc","resources":{"hostingSite":"bakery-shop-fb8cc","realtimeDatabaseInstance":"bakery-shop-fb8cc-default-rtdb"},"state":"ACTIVE"}
[debug] [2021-12-19T17:53:05.546Z] > refreshing access token with scopes: ["email","https://www.googleapis.com/auth/cloud-platform","https://www.googleapis.com/auth/cloudplatformprojects.readonly","https://www.googleapis.com/auth/firebase","openid"]
[debug] [2021-12-19T17:53:05.546Z] >>> HTTP REQUEST POST https://www.googleapis.com/oauth2/v3/token  
 <request body omitted>
[debug] [2021-12-19T17:53:05.830Z] <<< HTTP RESPONSE 200 {"date":"Sun, 19 Dec 2021 17:53:07 GMT","cache-control":"no-cache, no-store, max-age=0, must-revalidate","expires":"Mon, 01 Jan 1990 00:00:00 GMT","pragma":"no-cache","content-type":"application/json; charset=utf-8","vary":"X-Origin, Referer, Origin,Accept-Encoding","server":"scaffolding on HTTPServer2","x-xss-protection":"0","x-frame-options":"SAMEORIGIN","x-content-type-options":"nosniff","alt-svc":"h3=\":443\"; ma=2592000,h3-29=\":443\"; ma=2592000,h3-Q050=\":443\"; ma=2592000,h3-Q046=\":443\"; ma=2592000,h3-Q043=\":443\"; ma=2592000,quic=\":443\"; ma=2592000; v=\"46,43\"","accept-ranges":"none","transfer-encoding":"chunked"}
[debug] [2021-12-19T17:53:05.846Z] >>> HTTP REQUEST GET https://firebasedatabase.googleapis.com/v1beta/projects/bakery-shop-fb8cc/locations/-/instances/bakery-shop-fb8cc-default-rtdb  
 
[debug] [2021-12-19T17:53:06.679Z] <<< HTTP RESPONSE 200 {"content-type":"application/json; charset=UTF-8","vary":"X-Origin, Referer, Origin,Accept-Encoding","date":"Sun, 19 Dec 2021 17:53:08 GMT","server":"ESF","cache-control":"private","x-xss-protection":"0","x-frame-options":"SAMEORIGIN","x-content-type-options":"nosniff","alt-svc":"h3=\":443\"; ma=2592000,h3-29=\":443\"; ma=2592000,h3-Q050=\":443\"; ma=2592000,h3-Q046=\":443\"; ma=2592000,h3-Q043=\":443\"; ma=2592000,quic=\":443\"; ma=2592000; v=\"46,43\"","accept-ranges":"none","transfer-encoding":"chunked"}
[info] 
[info] Firebase Realtime Database Security Rules allow you to define how your data should be
[info] structured and when your data can be read from and written to.
[info] 
[debug] [2021-12-19T17:53:06.682Z] >>> HTTP REQUEST GET https://bakery-shop-fb8cc-default-rtdb.asia-southeast1.firebasedatabase.app/.settings/rules.json  
 
[debug] [2021-12-19T17:53:07.701Z] <<< HTTP RESPONSE 200 {"server":"nginx","date":"Sun, 19 Dec 2021 17:53:09 GMT","content-type":"application/json; charset=utf-8","content-length":"161","connection":"keep-alive","access-control-allow-origin":"*","cache-control":"no-cache","strict-transport-security":"max-age=31556926; includeSubDomains; preload"}
[debug] [2021-12-19T17:53:07.927Z] Error: EISDIR: illegal operation on a directory, open 'D:\Projects\bakery-shop-web\build'
    at Object.openSync (node:fs:585:3)
    at Object.writeFileSync (node:fs:2153:35)
    at Object.createFileSync (C:\Users\maria\.npm-global\node_modules\firebase-tools\node_modules\fs-extra\lib\ensure\file.js:43:6)
    at Config.writeProjectFile (C:\Users\maria\.npm-global\node_modules\firebase-tools\lib\config.js:144:12)
    at writeDBRules (C:\Users\maria\.npm-global\node_modules\firebase-tools\lib\init\features\database.js:27:12)
    at Object.doSetup [as database] (C:\Users\maria\.npm-global\node_modules\firebase-tools\lib\init\features\database.js:117:13)
    at processTicksAndRejections (node:internal/process/task_queues:96:5)
    at async init (C:\Users\maria\.npm-global\node_modules\firebase-tools\lib\init\index.js:19:9)
[error] 
[error] Error: An unexpected error has occurred.
